# JRE version: Java(TM) SE Runtime Environment (8.0_40-b25) (build 1.8.0_40-b25)
# Java VM: Java HotSpot(TM) Client VM (25.40-b25 mixed mode windows-x86 )
Heap:
 def new generation   total 27392K, used 5836K [0x02800000, 0x045b0000, 0x07d50000)
  eden space 24384K,  12% used [0x02800000, 0x02b008f0, 0x03fd0000)
  from space 3008K,  91% used [0x03fd0000, 0x04282928, 0x042c0000)
  to   space 3008K,   0% used [0x042c0000, 0x042c0000, 0x045b0000)
 tenured generation   total 60600K, used 41367K [0x07d50000, 0x0b87e000, 0x12800000)
   the space 60600K,  68% used [0x07d50000, 0x0a5b5fc8, 0x0a5b6000, 0x0b87e000)
 Metaspace       used 37231K, capacity 39343K, committed 39424K, reserved 40320K
GC Heap History (10 events):
Event: 51.481 GC heap before
{Heap before GC invocations=60 (full 6):
 def new generation   total 27392K, used 25986K [0x02800000, 0x045b0000, 0x07d50000)
  eden space 24384K, 100% used [0x02800000, 0x03fd0000, 0x03fd0000)
  from space 3008K,  53% used [0x042c0000, 0x044508b0, 0x045b0000)
  to   space 3008K,   0% used [0x03fd0000, 0x03fd0000, 0x042c0000)
 tenured generation   total 60600K, used 36357K [0x07d50000, 0x0b87e000, 0x12800000)
   the space 60600K,  59% used [0x07d50000, 0x0a0d1770, 0x0a0d1800, 0x0b87e000)
 Metaspace       used 36551K, capacity 38567K, committed 38656K, reserved 39296K
Event: 51.489 GC heap after
Heap after GC invocations=61 (full 6):
 def new generation   total 27392K, used 1142K [0x02800000, 0x045b0000, 0x07d50000)
  eden space 24384K,   0% used [0x02800000, 0x02800000, 0x03fd0000)
  from space 3008K,  37% used [0x03fd0000, 0x040ed9a8, 0x042c0000)
  to   space 3008K,   0% used [0x042c0000, 0x042c0000, 0x045b0000)
 tenured generation   total 60600K, used 37087K [0x07d50000, 0x0b87e000, 0x12800000)
   the space 60600K,  61% used [0x07d50000, 0x0a187fc8, 0x0a188000, 0x0b87e000)
 Metaspace       used 36551K, capacity 38567K, committed 38656K, reserved 39296K
}
Event: 51.904 GC heap before
{Heap before GC invocations=61 (full 6):
 def new generation   total 27392K, used 25526K [0x02800000, 0x045b0000, 0x07d50000)
  eden space 24384K, 100% used [0x02800000, 0x03fd0000, 0x03fd0000)
  from space 3008K,  37% used [0x03fd0000, 0x040ed9a8, 0x042c0000)
  to   space 3008K,   0% used [0x042c0000, 0x042c0000, 0x045b0000)
 tenured generation   total 60600K, used 37087K [0x07d50000, 0x0b87e000, 0x12800000)
   the space 60600K,  61% used [0x07d50000, 0x0a187fc8, 0x0a188000, 0x0b87e000)
 Metaspace       used 37110K, capacity 39279K, committed 39296K, reserved 39296K
Event: 51.912 GC heap after
Heap after GC invocations=62 (full 6):
 def new generation   total 27392K, used 2418K [0x02800000, 0x045b0000, 0x07d50000)
  eden space 24384K,   0% used [0x02800000, 0x02800000, 0x03fd0000)
  from space 3008K,  80% used [0x042c0000, 0x0451caf0, 0x045b0000)
  to   space 3008K,   0% used [0x03fd0000, 0x03fd0000, 0x042c0000)
 tenured generation   total 60600K, used 37087K [0x07d50000, 0x0b87e000, 0x12800000)
   the space 60600K,  61% used [0x07d50000, 0x0a187fc8, 0x0a188000, 0x0b87e000)
 Metaspace       used 37110K, capacity 39279K, committed 39296K, reserved 39296K
}
Event: 52.687 GC heap before
{Heap before GC invocations=62 (full 6):
 def new generation   total 27392K, used 26802K [0x02800000, 0x045b0000, 0x07d50000)
  eden space 24384K, 100% used [0x02800000, 0x03fd0000, 0x03fd0000)
  from space 3008K,  80% used [0x042c0000, 0x0451caf0, 0x045b0000)
  to   space 3008K,   0% used [0x03fd0000, 0x03fd0000, 0x042c0000)
 tenured generation   total 60600K, used 37087K [0x07d50000, 0x0b87e000, 0x12800000)
   the space 60600K,  61% used [0x07d50000, 0x0a187fc8, 0x0a188000, 0x0b87e000)
 Metaspace       used 37162K, capacity 39311K, committed 39424K, reserved 40320K
Event: 52.695 GC heap after
Heap after GC invocations=63 (full 6):
 def new generation   total 27392K, used 787K [0x02800000, 0x045b0000, 0x07d50000)
  eden space 24384K,   0% used [0x02800000, 0x02800000, 0x03fd0000)
  from space 3008K,  26% used [0x03fd0000, 0x04094fe0, 0x042c0000)
  to   space 3008K,   0% used [0x042c0000, 0x042c0000, 0x045b0000)
 tenured generation   total 60600K, used 38564K [0x07d50000, 0x0b87e000, 0x12800000)
   the space 60600K,  63% used [0x07d50000, 0x0a2f9268, 0x0a2f9400, 0x0b87e000)
 Metaspace       used 37162K, capacity 39311K, committed 39424K, reserved 40320K
}
Event: 52.752 GC heap before
{Heap before GC invocations=63 (full 6):
 def new generation   total 27392K, used 25171K [0x02800000, 0x045b0000, 0x07d50000)
  eden space 24384K, 100% used [0x02800000, 0x03fd0000, 0x03fd0000)
  from space 3008K,  26% used [0x03fd0000, 0x04094fe0, 0x042c0000)
  to   space 3008K,   0% used [0x042c0000, 0x042c0000, 0x045b0000)
 tenured generation   total 60600K, used 38564K [0x07d50000, 0x0b87e000, 0x12800000)
   the space 60600K,  63% used [0x07d50000, 0x0a2f9268, 0x0a2f9400, 0x0b87e000)
 Metaspace       used 37162K, capacity 39311K, committed 39424K, reserved 40320K
Event: 52.766 GC heap after
Heap after GC invocations=64 (full 6):
 def new generation   total 27392K, used 3008K [0x02800000, 0x045b0000, 0x07d50000)
  eden space 24384K,   0% used [0x02800000, 0x02800000, 0x03fd0000)
  from space 3008K, 100% used [0x042c0000, 0x045b0000, 0x045b0000)
  to   space 3008K,   0% used [0x03fd0000, 0x03fd0000, 0x042c0000)
 tenured generation   total 60600K, used 38700K [0x07d50000, 0x0b87e000, 0x12800000)
   the space 60600K,  63% used [0x07d50000, 0x0a31b228, 0x0a31b400, 0x0b87e000)
 Metaspace       used 37162K, capacity 39311K, committed 39424K, reserved 40320K
}
Event: 56.980 GC heap before
{Heap before GC invocations=64 (full 6):
 def new generation   total 27392K, used 27392K [0x02800000, 0x045b0000, 0x07d50000)
  eden space 24384K, 100% used [0x02800000, 0x03fd0000, 0x03fd0000)
  from space 3008K, 100% used [0x042c0000, 0x045b0000, 0x045b0000)
  to   space 3008K,   0% used [0x03fd0000, 0x03fd0000, 0x042c0000)
 tenured generation   total 60600K, used 38700K [0x07d50000, 0x0b87e000, 0x12800000)
   the space 60600K,  63% used [0x07d50000, 0x0a31b228, 0x0a31b400, 0x0b87e000)
 Metaspace       used 37202K, capacity 39311K, committed 39424K, reserved 40320K
Event: 57.000 GC heap after
Heap after GC invocations=65 (full 6):
 def new generation   total 27392K, used 2762K [0x02800000, 0x045b0000, 0x07d50000)
  eden space 24384K,   0% used [0x02800000, 0x02800000, 0x03fd0000)
  from space 3008K,  91% used [0x03fd0000, 0x04282928, 0x042c0000)
  to   space 3008K,   0% used [0x042c0000, 0x042c0000, 0x045b0000)
 tenured generation   total 60600K, used 41367K [0x07d50000, 0x0b87e000, 0x12800000)
   the space 60600K,  68% used [0x07d50000, 0x0a5b5fc8, 0x0a5b6000, 0x0b87e000)
 Metaspace       used 37202K, capacity 39311K, committed 39424K, reserved 40320K
}

