# JRE version: 7.0_09-b05
# Java VM: Java HotSpot(TM) Client VM (23.5-b02 mixed mode, sharing windows-x86 )
Heap
 def new generation   total 4928K, used 977K [0x23820000, 0x23d70000, 0x28d70000)
  eden space 4416K,  10% used [0x23820000, 0x238947f0, 0x23c70000)
  from space 512K, 100% used [0x23c70000, 0x23cf0000, 0x23cf0000)
  to   space 512K,   0% used [0x23cf0000, 0x23cf0000, 0x23d70000)
 tenured generation   total 10944K, used 1716K [0x28d70000, 0x29820000, 0x33820000)
   the space 10944K,  15% used [0x28d70000, 0x28f1d340, 0x28f1d400, 0x29820000)
 compacting perm gen  total 12288K, used 1535K [0x33820000, 0x34420000, 0x37820000)
   the space 12288K,  12% used [0x33820000, 0x3399fc80, 0x3399fe00, 0x34420000)
    ro space 10240K,  42% used [0x37820000, 0x37c60348, 0x37c60400, 0x38220000)
    rw space 12288K,  54% used [0x38220000, 0x388a06f0, 0x388a0800, 0x38e20000)
GC Heap History (4 events):
Event: 0.221 GC heap before
{Heap before GC invocations=0 (full 0):
 def new generation   total 4928K, used 4416K [0x23820000, 0x23d70000, 0x28d70000)
  eden space 4416K, 100% used [0x23820000, 0x23c70000, 0x23c70000)
  from space 512K,   0% used [0x23c70000, 0x23c70000, 0x23cf0000)
  to   space 512K,   0% used [0x23cf0000, 0x23cf0000, 0x23d70000)
 tenured generation   total 10944K, used 0K [0x28d70000, 0x29820000, 0x33820000)
   the space 10944K,   0% used [0x28d70000, 0x28d70000, 0x28d70200, 0x29820000)
 compacting perm gen  total 12288K, used 912K [0x33820000, 0x34420000, 0x37820000)
   the space 12288K,   7% used [0x33820000, 0x33904328, 0x33904400, 0x34420000)
    ro space 10240K,  42% used [0x37820000, 0x37c60348, 0x37c60400, 0x38220000)
    rw space 12288K,  54% used [0x38220000, 0x388a06f0, 0x388a0800, 0x38e20000)
Event: 0.225 GC heap after
Heap after GC invocations=1 (full 0):
 def new generation   total 4928K, used 512K [0x23820000, 0x23d70000, 0x28d70000)
  eden space 4416K,   0% used [0x23820000, 0x23820000, 0x23c70000)
  from space 512K, 100% used [0x23cf0000, 0x23d70000, 0x23d70000)
  to   space 512K,   0% used [0x23c70000, 0x23c70000, 0x23cf0000)
 tenured generation   total 10944K, used 582K [0x28d70000, 0x29820000, 0x33820000)
   the space 10944K,   5% used [0x28d70000, 0x28e01ae8, 0x28e01c00, 0x29820000)
 compacting perm gen  total 12288K, used 912K [0x33820000, 0x34420000, 0x37820000)
   the space 12288K,   7% used [0x33820000, 0x33904328, 0x33904400, 0x34420000)
    ro space 10240K,  42% used [0x37820000, 0x37c60348, 0x37c60400, 0x38220000)
    rw space 12288K,  54% used [0x38220000, 0x388a06f0, 0x388a0800, 0x38e20000)
}
Event: 0.327 GC heap before
{Heap before GC invocations=1 (full 0):
 def new generation   total 4928K, used 4928K [0x23820000, 0x23d70000, 0x28d70000)
  eden space 4416K, 100% used [0x23820000, 0x23c70000, 0x23c70000)
  from space 512K, 100% used [0x23cf0000, 0x23d70000, 0x23d70000)
  to   space 512K,   0% used [0x23c70000, 0x23c70000, 0x23cf0000)
 tenured generation   total 10944K, used 582K [0x28d70000, 0x29820000, 0x33820000)
   the space 10944K,   5% used [0x28d70000, 0x28e01ae8, 0x28e01c00, 0x29820000)
 compacting perm gen  total 12288K, used 1465K [0x33820000, 0x34420000, 0x37820000)
   the space 12288K,  11% used [0x33820000, 0x3398e618, 0x3398e800, 0x34420000)
    ro space 10240K,  42% used [0x37820000, 0x37c60348, 0x37c60400, 0x38220000)
    rw space 12288K,  54% used [0x38220000, 0x388a06f0, 0x388a0800, 0x38e20000)
Event: 0.331 GC heap after
Heap after GC invocations=2 (full 0):
 def new generation   total 4928K, used 512K [0x23820000, 0x23d70000, 0x28d70000)
  eden space 4416K,   0% used [0x23820000, 0x23820000, 0x23c70000)
  from space 512K, 100% used [0x23c70000, 0x23cf0000, 0x23cf0000)
  to   space 512K,   0% used [0x23cf0000, 0x23cf0000, 0x23d70000)
 tenured generation   total 10944K, used 1716K [0x28d70000, 0x29820000, 0x33820000)
   the space 10944K,  15% used [0x28d70000, 0x28f1d340, 0x28f1d400, 0x29820000)
 compacting perm gen  total 12288K, used 1465K [0x33820000, 0x34420000, 0x37820000)
   the space 12288K,  11% used [0x33820000, 0x3398e618, 0x3398e800, 0x34420000)
    ro space 10240K,  42% used [0x37820000, 0x37c60348, 0x37c60400, 0x38220000)
    rw space 12288K,  54% used [0x38220000, 0x388a06f0, 0x388a0800, 0x38e20000)
}

