# JRE version: 7.0_09-b05
# Java VM: Java HotSpot(TM) Client VM (23.5-b02 mixed mode, sharing windows-x86 )
Heap
 def new generation   total 22272K, used 19840K [0x23820000, 0x25040000, 0x28d70000)
  eden space 19840K, 100% used [0x23820000, 0x24b80000, 0x24b80000)
  from space 2432K,   0% used [0x24b80000, 0x24b80000, 0x24de0000)
  to   space 2432K, 100% used [0x24de0000, 0x25040000, 0x25040000)
 tenured generation   total 49320K, used 30619K [0x28d70000, 0x2bd9a000, 0x33820000)
   the space 49320K,  62% used [0x28d70000, 0x2ab56ed8, 0x2ab57000, 0x2bd9a000)
 compacting perm gen  total 38912K, used 38764K [0x33820000, 0x35e20000, 0x37820000)
   the space 38912K,  99% used [0x33820000, 0x35dfb100, 0x35dfb200, 0x35e20000)
    ro space 10240K,  42% used [0x37820000, 0x37c60348, 0x37c60400, 0x38220000)
    rw space 12288K,  54% used [0x38220000, 0x388a06f0, 0x388a0800, 0x38e20000)
GC Heap History (10 events):
Event: 237.122 GC heap after
Heap after GC invocations=43 (full 7):
 def new generation   total 20992K, used 123K [0x23820000, 0x24ee0000, 0x28d70000)
  eden space 18688K,   0% used [0x23820000, 0x23820000, 0x24a60000)
  from space 2304K,   5% used [0x24ca0000, 0x24cbed60, 0x24ee0000)
  to   space 2304K,   0% used [0x24a60000, 0x24a60000, 0x24ca0000)
 tenured generation   total 46492K, used 35044K [0x28d70000, 0x2bad7000, 0x33820000)
   the space 46492K,  75% used [0x28d70000, 0x2afa90f8, 0x2afa9200, 0x2bad7000)
 compacting perm gen  total 36864K, used 36702K [0x33820000, 0x35c20000, 0x37820000)
   the space 36864K,  99% used [0x33820000, 0x35bf7930, 0x35bf7a00, 0x35c20000)
    ro space 10240K,  42% used [0x37820000, 0x37c60348, 0x37c60400, 0x38220000)
    rw space 12288K,  54% used [0x38220000, 0x388a06f0, 0x388a0800, 0x38e20000)
}
Event: 237.157 GC heap before
{Heap before GC invocations=43 (full 7):
 def new generation   total 20992K, used 18708K [0x23820000, 0x24ee0000, 0x28d70000)
  eden space 18688K,  99% used [0x23820000, 0x24a46480, 0x24a60000)
  from space 2304K,   5% used [0x24ca0000, 0x24cbed60, 0x24ee0000)
  to   space 2304K,   0% used [0x24a60000, 0x24a60000, 0x24ca0000)
 tenured generation   total 46492K, used 35044K [0x28d70000, 0x2bad7000, 0x33820000)
   the space 46492K,  75% used [0x28d70000, 0x2afa90f8, 0x2afa9200, 0x2bad7000)
 compacting perm gen  total 36864K, used 36702K [0x33820000, 0x35c20000, 0x37820000)
   the space 36864K,  99% used [0x33820000, 0x35bf7930, 0x35bf7a00, 0x35c20000)
    ro space 10240K,  42% used [0x37820000, 0x37c60348, 0x37c60400, 0x38220000)
    rw space 12288K,  54% used [0x38220000, 0x388a06f0, 0x388a0800, 0x38e20000)
Event: 237.159 GC heap after
Heap after GC invocations=44 (full 7):
 def new generation   total 20992K, used 540K [0x23820000, 0x24ee0000, 0x28d70000)
  eden space 18688K,   0% used [0x23820000, 0x23820000, 0x24a60000)
  from space 2304K,  23% used [0x24a60000, 0x24ae7040, 0x24ca0000)
  to   space 2304K,   0% used [0x24ca0000, 0x24ca0000, 0x24ee0000)
 tenured generation   total 46492K, used 35044K [0x28d70000, 0x2bad7000, 0x33820000)
   the space 46492K,  75% used [0x28d70000, 0x2afa90f8, 0x2afa9200, 0x2bad7000)
 compacting perm gen  total 36864K, used 36702K [0x33820000, 0x35c20000, 0x37820000)
   the space 36864K,  99% used [0x33820000, 0x35bf7930, 0x35bf7a00, 0x35c20000)
    ro space 10240K,  42% used [0x37820000, 0x37c60348, 0x37c60400, 0x38220000)
    rw space 12288K,  54% used [0x38220000, 0x388a06f0, 0x388a0800, 0x38e20000)
}
Event: 237.349 GC heap before
{Heap before GC invocations=44 (full 7):
 def new generation   total 20992K, used 19228K [0x23820000, 0x24ee0000, 0x28d70000)
  eden space 18688K, 100% used [0x23820000, 0x24a60000, 0x24a60000)
  from space 2304K,  23% used [0x24a60000, 0x24ae7040, 0x24ca0000)
  to   space 2304K,   0% used [0x24ca0000, 0x24ca0000, 0x24ee0000)
 tenured generation   total 46492K, used 35044K [0x28d70000, 0x2bad7000, 0x33820000)
   the space 46492K,  75% used [0x28d70000, 0x2afa90f8, 0x2afa9200, 0x2bad7000)
 compacting perm gen  total 36864K, used 36702K [0x33820000, 0x35c20000, 0x37820000)
   the space 36864K,  99% used [0x33820000, 0x35bf7930, 0x35bf7a00, 0x35c20000)
    ro space 10240K,  42% used [0x37820000, 0x37c60348, 0x37c60400, 0x38220000)
    rw space 12288K,  54% used [0x38220000, 0x388a06f0, 0x388a0800, 0x38e20000)
Event: 237.351 GC heap after
Heap after GC invocations=45 (full 7):
 def new generation   total 20992K, used 53K [0x23820000, 0x24ee0000, 0x28d70000)
  eden space 18688K,   0% used [0x23820000, 0x23820000, 0x24a60000)
  from space 2304K,   2% used [0x24ca0000, 0x24cad548, 0x24ee0000)
  to   space 2304K,   0% used [0x24a60000, 0x24a60000, 0x24ca0000)
 tenured generation   total 46492K, used 35044K [0x28d70000, 0x2bad7000, 0x33820000)
   the space 46492K,  75% used [0x28d70000, 0x2afa90f8, 0x2afa9200, 0x2bad7000)
 compacting perm gen  total 36864K, used 36702K [0x33820000, 0x35c20000, 0x37820000)
   the space 36864K,  99% used [0x33820000, 0x35bf7930, 0x35bf7a00, 0x35c20000)
    ro space 10240K,  42% used [0x37820000, 0x37c60348, 0x37c60400, 0x38220000)
    rw space 12288K,  54% used [0x38220000, 0x388a06f0, 0x388a0800, 0x38e20000)
}
Event: 237.666 GC heap before
{Heap before GC invocations=45 (full 7):
 def new generation   total 20992K, used 18741K [0x23820000, 0x24ee0000, 0x28d70000)
  eden space 18688K, 100% used [0x23820000, 0x24a60000, 0x24a60000)
  from space 2304K,   2% used [0x24ca0000, 0x24cad548, 0x24ee0000)
  to   space 2304K,   0% used [0x24a60000, 0x24a60000, 0x24ca0000)
 tenured generation   total 46492K, used 35044K [0x28d70000, 0x2bad7000, 0x33820000)
   the space 46492K,  75% used [0x28d70000, 0x2afa90f8, 0x2afa9200, 0x2bad7000)
 compacting perm gen  total 36864K, used 36815K [0x33820000, 0x35c20000, 0x37820000)
   the space 36864K,  99% used [0x33820000, 0x35c13fb8, 0x35c14000, 0x35c20000)
    ro space 10240K,  42% used [0x37820000, 0x37c60348, 0x37c60400, 0x38220000)
    rw space 12288K,  54% used [0x38220000, 0x388a06f0, 0x388a0800, 0x38e20000)
Event: 237.669 GC heap after
Heap after GC invocations=46 (full 7):
 def new generation   total 20992K, used 585K [0x23820000, 0x24ee0000, 0x28d70000)
  eden space 18688K,   0% used [0x23820000, 0x23820000, 0x24a60000)
  from space 2304K,  25% used [0x24a60000, 0x24af24b0, 0x24ca0000)
  to   space 2304K,   0% used [0x24ca0000, 0x24ca0000, 0x24ee0000)
 tenured generation   total 46492K, used 35044K [0x28d70000, 0x2bad7000, 0x33820000)
   the space 46492K,  75% used [0x28d70000, 0x2afa90f8, 0x2afa9200, 0x2bad7000)
 compacting perm gen  total 36864K, used 36815K [0x33820000, 0x35c20000, 0x37820000)
   the space 36864K,  99% used [0x33820000, 0x35c13fb8, 0x35c14000, 0x35c20000)
    ro space 10240K,  42% used [0x37820000, 0x37c60348, 0x37c60400, 0x38220000)
    rw space 12288K,  54% used [0x38220000, 0x388a06f0, 0x388a0800, 0x38e20000)
}
Event: 237.822 GC heap before
{Heap before GC invocations=46 (full 7):
 def new generation   total 20992K, used 17834K [0x23820000, 0x24ee0000, 0x28d70000)
  eden space 18688K,  92% used [0x23820000, 0x248f8748, 0x24a60000)
  from space 2304K,  25% used [0x24a60000, 0x24af24b0, 0x24ca0000)
  to   space 2304K,   0% used [0x24ca0000, 0x24ca0000, 0x24ee0000)
 tenured generation   total 46492K, used 35044K [0x28d70000, 0x2bad7000, 0x33820000)
   the space 46492K,  75% used [0x28d70000, 0x2afa90f8, 0x2afa9200, 0x2bad7000)
 compacting perm gen  total 36864K, used 36863K [0x33820000, 0x35c20000, 0x37820000)
   the space 36864K,  99% used [0x33820000, 0x35c1ff98, 0x35c20000, 0x35c20000)
    ro space 10240K,  42% used [0x37820000, 0x37c60348, 0x37c60400, 0x38220000)
    rw space 12288K,  54% used [0x38220000, 0x388a06f0, 0x388a0800, 0x38e20000)
Event: 238.037 GC heap after
Heap after GC invocations=47 (full 8):
 def new generation   total 22272K, used 0K [0x23820000, 0x25040000, 0x28d70000)
  eden space 19840K,   0% used [0x23820000, 0x23820000, 0x24b80000)
  from space 2432K,   0% used [0x24b80000, 0x24b80000, 0x24de0000)
  to   space 2432K,   0% used [0x24de0000, 0x24de0000, 0x25040000)
 tenured generation   total 49320K, used 29591K [0x28d70000, 0x2bd9a000, 0x33820000)
   the space 49320K,  59% used [0x28d70000, 0x2aa55c50, 0x2aa55e00, 0x2bd9a000)
 compacting perm gen  total 36864K, used 36841K [0x33820000, 0x35c20000, 0x37820000)
   the space 36864K,  99% used [0x33820000, 0x35c1a440, 0x35c1a600, 0x35c20000)
    ro space 10240K,  42% used [0x37820000, 0x37c60348, 0x37c60400, 0x38220000)
    rw space 12288K,  54% used [0x38220000, 0x388a06f0, 0x388a0800, 0x38e20000)
}
Event: 248.068 GC heap before
{Heap before GC invocations=47 (full 8):
 def new generation   total 22272K, used 19840K [0x23820000, 0x25040000, 0x28d70000)
  eden space 19840K, 100% used [0x23820000, 0x24b80000, 0x24b80000)
  from space 2432K,   0% used [0x24b80000, 0x24b80000, 0x24de0000)
  to   space 2432K,   0% used [0x24de0000, 0x24de0000, 0x25040000)
 tenured generation   total 49320K, used 29591K [0x28d70000, 0x2bd9a000, 0x33820000)
   the space 49320K,  59% used [0x28d70000, 0x2aa55c50, 0x2aa55e00, 0x2bd9a000)
 compacting perm gen  total 38912K, used 38764K [0x33820000, 0x35e20000, 0x37820000)
   the space 38912K,  99% used [0x33820000, 0x35dfb100, 0x35dfb200, 0x35e20000)
    ro space 10240K,  42% used [0x37820000, 0x37c60348, 0x37c60400, 0x38220000)
    rw space 12288K,  54% used [0x38220000, 0x388a06f0, 0x388a0800, 0x38e20000)

