# JRE version: Java(TM) SE Runtime Environment (8.0_40-b25) (build 1.8.0_40-b25)
# Java VM: Java HotSpot(TM) Client VM (25.40-b25 mixed mode windows-x86 )
Heap:
 def new generation   total 22144K, used 7854K [0x02800000, 0x04000000, 0x07d50000)
  eden space 19712K,  27% used [0x02800000, 0x02d4bab8, 0x03b40000)
  from space 2432K, 100% used [0x03da0000, 0x04000000, 0x04000000)
  to   space 2432K,   0% used [0x03b40000, 0x03b40000, 0x03da0000)
 tenured generation   total 49076K, used 48877K [0x07d50000, 0x0ad3d000, 0x12800000)
   the space 49076K,  99% used [0x07d50000, 0x0ad0b618, 0x0ad0b800, 0x0ad3d000)
 Metaspace       used 36753K, capacity 38695K, committed 38784K, reserved 39296K
GC Heap History (10 events):
Event: 26.281 GC heap before
{Heap before GC invocations=61 (full 5):
 def new generation   total 22144K, used 21613K [0x02800000, 0x04000000, 0x07d50000)
  eden space 19712K, 100% used [0x02800000, 0x03b40000, 0x03b40000)
  from space 2432K,  78% used [0x03b40000, 0x03d1b428, 0x03da0000)
  to   space 2432K,   0% used [0x03da0000, 0x03da0000, 0x04000000)
 tenured generation   total 49076K, used 39374K [0x07d50000, 0x0ad3d000, 0x12800000)
   the space 49076K,  80% used [0x07d50000, 0x0a3c38a8, 0x0a3c3a00, 0x0ad3d000)
 Metaspace       used 34043K, capacity 35876K, committed 35968K, reserved 36224K
Event: 26.290 GC heap after
Heap after GC invocations=62 (full 5):
 def new generation   total 22144K, used 1082K [0x02800000, 0x04000000, 0x07d50000)
  eden space 19712K,   0% used [0x02800000, 0x02800000, 0x03b40000)
  from space 2432K,  44% used [0x03da0000, 0x03eaeb70, 0x04000000)
  to   space 2432K,   0% used [0x03b40000, 0x03b40000, 0x03da0000)
 tenured generation   total 49076K, used 40181K [0x07d50000, 0x0ad3d000, 0x12800000)
   the space 49076K,  81% used [0x07d50000, 0x0a48d5a8, 0x0a48d600, 0x0ad3d000)
 Metaspace       used 34043K, capacity 35876K, committed 35968K, reserved 36224K
}
Event: 74.965 GC heap before
{Heap before GC invocations=62 (full 5):
 def new generation   total 22144K, used 20794K [0x02800000, 0x04000000, 0x07d50000)
  eden space 19712K, 100% used [0x02800000, 0x03b40000, 0x03b40000)
  from space 2432K,  44% used [0x03da0000, 0x03eaeb70, 0x04000000)
  to   space 2432K,   0% used [0x03b40000, 0x03b40000, 0x03da0000)
 tenured generation   total 49076K, used 40181K [0x07d50000, 0x0ad3d000, 0x12800000)
   the space 49076K,  81% used [0x07d50000, 0x0a48d5a8, 0x0a48d600, 0x0ad3d000)
 Metaspace       used 35544K, capacity 37440K, committed 37504K, reserved 38272K
Event: 74.975 GC heap after
Heap after GC invocations=63 (full 5):
 def new generation   total 22144K, used 2432K [0x02800000, 0x04000000, 0x07d50000)
  eden space 19712K,   0% used [0x02800000, 0x02800000, 0x03b40000)
  from space 2432K, 100% used [0x03b40000, 0x03da0000, 0x03da0000)
  to   space 2432K,   0% used [0x03da0000, 0x03da0000, 0x04000000)
 tenured generation   total 49076K, used 41690K [0x07d50000, 0x0ad3d000, 0x12800000)
   the space 49076K,  84% used [0x07d50000, 0x0a606b38, 0x0a606c00, 0x0ad3d000)
 Metaspace       used 35544K, capacity 37440K, committed 37504K, reserved 38272K
}
Event: 75.074 GC heap before
{Heap before GC invocations=63 (full 5):
 def new generation   total 22144K, used 22144K [0x02800000, 0x04000000, 0x07d50000)
  eden space 19712K, 100% used [0x02800000, 0x03b40000, 0x03b40000)
  from space 2432K, 100% used [0x03b40000, 0x03da0000, 0x03da0000)
  to   space 2432K,   0% used [0x03da0000, 0x03da0000, 0x04000000)
 tenured generation   total 49076K, used 41690K [0x07d50000, 0x0ad3d000, 0x12800000)
   the space 49076K,  84% used [0x07d50000, 0x0a606b38, 0x0a606c00, 0x0ad3d000)
 Metaspace       used 35645K, capacity 37536K, committed 37632K, reserved 38272K
Event: 75.089 GC heap after
Heap after GC invocations=64 (full 5):
 def new generation   total 22144K, used 2256K [0x02800000, 0x04000000, 0x07d50000)
  eden space 19712K,   0% used [0x02800000, 0x02800000, 0x03b40000)
  from space 2432K,  92% used [0x03da0000, 0x03fd4338, 0x04000000)
  to   space 2432K,   0% used [0x03b40000, 0x03b40000, 0x03da0000)
 tenured generation   total 49076K, used 44093K [0x07d50000, 0x0ad3d000, 0x12800000)
   the space 49076K,  89% used [0x07d50000, 0x0a85f588, 0x0a85f600, 0x0ad3d000)
 Metaspace       used 35645K, capacity 37536K, committed 37632K, reserved 38272K
}
Event: 75.133 GC heap before
{Heap before GC invocations=64 (full 5):
 def new generation   total 22144K, used 21968K [0x02800000, 0x04000000, 0x07d50000)
  eden space 19712K, 100% used [0x02800000, 0x03b40000, 0x03b40000)
  from space 2432K,  92% used [0x03da0000, 0x03fd4338, 0x04000000)
  to   space 2432K,   0% used [0x03b40000, 0x03b40000, 0x03da0000)
 tenured generation   total 49076K, used 44093K [0x07d50000, 0x0ad3d000, 0x12800000)
   the space 49076K,  89% used [0x07d50000, 0x0a85f588, 0x0a85f600, 0x0ad3d000)
 Metaspace       used 35645K, capacity 37536K, committed 37632K, reserved 38272K
Event: 75.152 GC heap after
Heap after GC invocations=65 (full 5):
 def new generation   total 22144K, used 1927K [0x02800000, 0x04000000, 0x07d50000)
  eden space 19712K,   0% used [0x02800000, 0x02800000, 0x03b40000)
  from space 2432K,  79% used [0x03b40000, 0x03d21e10, 0x03da0000)
  to   space 2432K,   0% used [0x03da0000, 0x03da0000, 0x04000000)
 tenured generation   total 49076K, used 46200K [0x07d50000, 0x0ad3d000, 0x12800000)
   the space 49076K,  94% used [0x07d50000, 0x0aa6e230, 0x0aa6e400, 0x0ad3d000)
 Metaspace       used 35645K, capacity 37536K, committed 37632K, reserved 38272K
}
Event: 86.547 GC heap before
{Heap before GC invocations=65 (full 5):
 def new generation   total 22144K, used 21639K [0x02800000, 0x04000000, 0x07d50000)
  eden space 19712K, 100% used [0x02800000, 0x03b40000, 0x03b40000)
  from space 2432K,  79% used [0x03b40000, 0x03d21e10, 0x03da0000)
  to   space 2432K,   0% used [0x03da0000, 0x03da0000, 0x04000000)
 tenured generation   total 49076K, used 46200K [0x07d50000, 0x0ad3d000, 0x12800000)
   the space 49076K,  94% used [0x07d50000, 0x0aa6e230, 0x0aa6e400, 0x0ad3d000)
 Metaspace       used 36530K, capacity 38407K, committed 38528K, reserved 39296K
Event: 86.564 GC heap after
Heap after GC invocations=66 (full 5):
 def new generation   total 22144K, used 2432K [0x02800000, 0x04000000, 0x07d50000)
  eden space 19712K,   0% used [0x02800000, 0x02800000, 0x03b40000)
  from space 2432K, 100% used [0x03da0000, 0x04000000, 0x04000000)
  to   space 2432K,   0% used [0x03b40000, 0x03b40000, 0x03da0000)
 tenured generation   total 49076K, used 48877K [0x07d50000, 0x0ad3d000, 0x12800000)
   the space 49076K,  99% used [0x07d50000, 0x0ad0b618, 0x0ad0b800, 0x0ad3d000)
 Metaspace       used 36530K, capacity 38407K, committed 38528K, reserved 39296K
}

