# JRE version: Java(TM) SE Runtime Environment (8.0_77-b03) (build 1.8.0_77-b03)
# Java VM: Java HotSpot(TM) Client VM (25.77-b03 mixed mode windows-x86 )
Heap:
 def new generation   total 26944K, used 25688K [0x02800000, 0x04530000, 0x07d50000)
  eden space 24000K,  94% used [0x02800000, 0x03e36088, 0x03f70000)
  from space 2944K, 100% used [0x03f70000, 0x04250000, 0x04250000)
  to   space 2944K,   0% used [0x04250000, 0x04250000, 0x04530000)
 tenured generation   total 59600K, used 38369K [0x07d50000, 0x0b784000, 0x12800000)
   the space 59600K,  64% used [0x07d50000, 0x0a2c8508, 0x0a2c8600, 0x0b784000)
 Metaspace       used 42114K, capacity 44077K, committed 44160K, reserved 44416K
GC Heap History (10 events):
Event: 399.567 GC heap before
{Heap before GC invocations=57 (full 5):
 def new generation   total 22464K, used 20271K [0x02800000, 0x04060000, 0x07d50000)
  eden space 19968K, 100% used [0x02800000, 0x03b80000, 0x03b80000)
  from space 2496K,  12% used [0x03df0000, 0x03e3bc50, 0x04060000)
  to   space 2496K,   0% used [0x03b80000, 0x03b80000, 0x03df0000)
 tenured generation   total 49840K, used 44669K [0x07d50000, 0x0adfc000, 0x12800000)
   the space 49840K,  89% used [0x07d50000, 0x0a8ef438, 0x0a8ef600, 0x0adfc000)
 Metaspace       used 38256K, capacity 40156K, committed 40192K, reserved 40320K
Event: 399.573 GC heap after
Heap after GC invocations=58 (full 5):
 def new generation   total 22464K, used 2496K [0x02800000, 0x04060000, 0x07d50000)
  eden space 19968K,   0% used [0x02800000, 0x02800000, 0x03b80000)
  from space 2496K, 100% used [0x03b80000, 0x03df0000, 0x03df0000)
  to   space 2496K,   0% used [0x03df0000, 0x03df0000, 0x04060000)
 tenured generation   total 49840K, used 45062K [0x07d50000, 0x0adfc000, 0x12800000)
   the space 49840K,  90% used [0x07d50000, 0x0a951b48, 0x0a951c00, 0x0adfc000)
 Metaspace       used 38256K, capacity 40156K, committed 40192K, reserved 40320K
}
Event: 403.319 GC heap before
{Heap before GC invocations=58 (full 5):
 def new generation   total 22464K, used 22464K [0x02800000, 0x04060000, 0x07d50000)
  eden space 19968K, 100% used [0x02800000, 0x03b80000, 0x03b80000)
  from space 2496K, 100% used [0x03b80000, 0x03df0000, 0x03df0000)
  to   space 2496K,   0% used [0x03df0000, 0x03df0000, 0x04060000)
 tenured generation   total 49840K, used 45062K [0x07d50000, 0x0adfc000, 0x12800000)
   the space 49840K,  90% used [0x07d50000, 0x0a951b48, 0x0a951c00, 0x0adfc000)
 Metaspace       used 40225K, capacity 42110K, committed 42112K, reserved 42368K
Event: 403.336 GC heap after
Heap after GC invocations=59 (full 5):
 def new generation   total 22464K, used 2496K [0x02800000, 0x04060000, 0x07d50000)
  eden space 19968K,   0% used [0x02800000, 0x02800000, 0x03b80000)
  from space 2496K, 100% used [0x03df0000, 0x04060000, 0x04060000)
  to   space 2496K,   0% used [0x03b80000, 0x03b80000, 0x03df0000)
 tenured generation   total 49840K, used 48164K [0x07d50000, 0x0adfc000, 0x12800000)
   the space 49840K,  96% used [0x07d50000, 0x0ac592f0, 0x0ac59400, 0x0adfc000)
 Metaspace       used 40225K, capacity 42110K, committed 42112K, reserved 42368K
}
Event: 403.854 GC heap before
{Heap before GC invocations=59 (full 5):
 def new generation   total 22464K, used 22464K [0x02800000, 0x04060000, 0x07d50000)
  eden space 19968K, 100% used [0x02800000, 0x03b80000, 0x03b80000)
  from space 2496K, 100% used [0x03df0000, 0x04060000, 0x04060000)
  to   space 2496K,   0% used [0x03b80000, 0x03b80000, 0x03df0000)
 tenured generation   total 49840K, used 48164K [0x07d50000, 0x0adfc000, 0x12800000)
   the space 49840K,  96% used [0x07d50000, 0x0ac592f0, 0x0ac59400, 0x0adfc000)
 Metaspace       used 41209K, capacity 43052K, committed 43136K, reserved 43392K
Event: 403.985 GC heap after
Heap after GC invocations=60 (full 6):
 def new generation   total 26944K, used 0K [0x02800000, 0x04530000, 0x07d50000)
  eden space 24000K,   0% used [0x02800000, 0x02800000, 0x03f70000)
  from space 2944K,   0% used [0x03f70000, 0x03f70000, 0x04250000)
  to   space 2944K,   0% used [0x04250000, 0x04250000, 0x04530000)
 tenured generation   total 59600K, used 35758K [0x07d50000, 0x0b784000, 0x12800000)
   the space 59600K,  59% used [0x07d50000, 0x0a03b820, 0x0a03ba00, 0x0b784000)
 Metaspace       used 41205K, capacity 43047K, committed 43136K, reserved 43392K
}
Event: 404.040 GC heap before
{Heap before GC invocations=60 (full 6):
 def new generation   total 26944K, used 24000K [0x02800000, 0x04530000, 0x07d50000)
  eden space 24000K, 100% used [0x02800000, 0x03f70000, 0x03f70000)
  from space 2944K,   0% used [0x03f70000, 0x03f70000, 0x04250000)
  to   space 2944K,   0% used [0x04250000, 0x04250000, 0x04530000)
 tenured generation   total 59600K, used 35758K [0x07d50000, 0x0b784000, 0x12800000)
   the space 59600K,  59% used [0x07d50000, 0x0a03b820, 0x0a03ba00, 0x0b784000)
 Metaspace       used 41205K, capacity 43047K, committed 43136K, reserved 43392K
Event: 404.058 GC heap after
Heap after GC invocations=61 (full 6):
 def new generation   total 26944K, used 2400K [0x02800000, 0x04530000, 0x07d50000)
  eden space 24000K,   0% used [0x02800000, 0x02800000, 0x03f70000)
  from space 2944K,  81% used [0x04250000, 0x044a80c8, 0x04530000)
  to   space 2944K,   0% used [0x03f70000, 0x03f70000, 0x04250000)
 tenured generation   total 59600K, used 35758K [0x07d50000, 0x0b784000, 0x12800000)
   the space 59600K,  59% used [0x07d50000, 0x0a03b820, 0x0a03ba00, 0x0b784000)
 Metaspace       used 41205K, capacity 43047K, committed 43136K, reserved 43392K
}
Event: 437.169 GC heap before
{Heap before GC invocations=61 (full 6):
 def new generation   total 26944K, used 26400K [0x02800000, 0x04530000, 0x07d50000)
  eden space 24000K, 100% used [0x02800000, 0x03f70000, 0x03f70000)
  from space 2944K,  81% used [0x04250000, 0x044a80c8, 0x04530000)
  to   space 2944K,   0% used [0x03f70000, 0x03f70000, 0x04250000)
 tenured generation   total 59600K, used 35758K [0x07d50000, 0x0b784000, 0x12800000)
   the space 59600K,  59% used [0x07d50000, 0x0a03b820, 0x0a03ba00, 0x0b784000)
 Metaspace       used 41903K, capacity 43797K, committed 43904K, reserved 44416K
Event: 437.193 GC heap after
Heap after GC invocations=62 (full 6):
 def new generation   total 26944K, used 2944K [0x02800000, 0x04530000, 0x07d50000)
  eden space 24000K,   0% used [0x02800000, 0x02800000, 0x03f70000)
  from space 2944K, 100% used [0x03f70000, 0x04250000, 0x04250000)
  to   space 2944K,   0% used [0x04250000, 0x04250000, 0x04530000)
 tenured generation   total 59600K, used 38369K [0x07d50000, 0x0b784000, 0x12800000)
   the space 59600K,  64% used [0x07d50000, 0x0a2c8508, 0x0a2c8600, 0x0b784000)
 Metaspace       used 41903K, capacity 43797K, committed 43904K, reserved 44416K
}

