# JRE version: Java(TM) SE Runtime Environment (8.0_40-b25) (build 1.8.0_40-b25)
# Java VM: Java HotSpot(TM) Client VM (25.40-b25 mixed mode windows-x86 )
Heap:
 def new generation   total 25984K, used 10654K [0x02800000, 0x04430000, 0x07d50000)
  eden space 23104K,  36% used [0x02800000, 0x030376b0, 0x03e90000)
  from space 2880K,  77% used [0x03e90000, 0x040c0490, 0x04160000)
  to   space 2880K,   0% used [0x04160000, 0x04160000, 0x04430000)
 tenured generation   total 57620K, used 37128K [0x07d50000, 0x0b595000, 0x12800000)
   the space 57620K,  64% used [0x07d50000, 0x0a192258, 0x0a192400, 0x0b595000)
 Metaspace       used 37286K, capacity 39270K, committed 39284K, reserved 39296K
GC Heap History (10 events):
Event: 73.660 GC heap before
{Heap before GC invocations=55 (full 5):
 def new generation   total 21440K, used 20474K [0x02800000, 0x03f40000, 0x07d50000)
  eden space 19072K, 100% used [0x02800000, 0x03aa0000, 0x03aa0000)
  from space 2368K,  59% used [0x03aa0000, 0x03bfea58, 0x03cf0000)
  to   space 2368K,   0% used [0x03cf0000, 0x03cf0000, 0x03f40000)
 tenured generation   total 47468K, used 38903K [0x07d50000, 0x0abab000, 0x12800000)
   the space 47468K,  81% used [0x07d50000, 0x0a34dcd0, 0x0a34de00, 0x0abab000)
 Metaspace       used 33923K, capacity 35855K, committed 35956K, reserved 36224K
Event: 73.671 GC heap after
Heap after GC invocations=56 (full 5):
 def new generation   total 21440K, used 2368K [0x02800000, 0x03f40000, 0x07d50000)
  eden space 19072K,   0% used [0x02800000, 0x02800000, 0x03aa0000)
  from space 2368K, 100% used [0x03cf0000, 0x03f40000, 0x03f40000)
  to   space 2368K,   0% used [0x03aa0000, 0x03aa0000, 0x03cf0000)
 tenured generation   total 47468K, used 41145K [0x07d50000, 0x0abab000, 0x12800000)
   the space 47468K,  86% used [0x07d50000, 0x0a57e488, 0x0a57e600, 0x0abab000)
 Metaspace       used 33923K, capacity 35855K, committed 35956K, reserved 36224K
}
Event: 81.296 GC heap before
{Heap before GC invocations=56 (full 5):
 def new generation   total 21440K, used 21440K [0x02800000, 0x03f40000, 0x07d50000)
  eden space 19072K, 100% used [0x02800000, 0x03aa0000, 0x03aa0000)
  from space 2368K, 100% used [0x03cf0000, 0x03f40000, 0x03f40000)
  to   space 2368K,   0% used [0x03aa0000, 0x03aa0000, 0x03cf0000)
 tenured generation   total 47468K, used 41145K [0x07d50000, 0x0abab000, 0x12800000)
   the space 47468K,  86% used [0x07d50000, 0x0a57e488, 0x0a57e600, 0x0abab000)
 Metaspace       used 35724K, capacity 37641K, committed 37748K, reserved 38272K
Event: 81.312 GC heap after
Heap after GC invocations=57 (full 5):
 def new generation   total 21440K, used 2368K [0x02800000, 0x03f40000, 0x07d50000)
  eden space 19072K,   0% used [0x02800000, 0x02800000, 0x03aa0000)
  from space 2368K, 100% used [0x03aa0000, 0x03cf0000, 0x03cf0000)
  to   space 2368K,   0% used [0x03cf0000, 0x03cf0000, 0x03f40000)
 tenured generation   total 47468K, used 44009K [0x07d50000, 0x0abab000, 0x12800000)
   the space 47468K,  92% used [0x07d50000, 0x0a84a5a0, 0x0a84a600, 0x0abab000)
 Metaspace       used 35724K, capacity 37641K, committed 37748K, reserved 38272K
}
Event: 111.261 GC heap before
{Heap before GC invocations=57 (full 5):
 def new generation   total 21440K, used 21440K [0x02800000, 0x03f40000, 0x07d50000)
  eden space 19072K, 100% used [0x02800000, 0x03aa0000, 0x03aa0000)
  from space 2368K, 100% used [0x03aa0000, 0x03cf0000, 0x03cf0000)
  to   space 2368K,   0% used [0x03cf0000, 0x03cf0000, 0x03f40000)
 tenured generation   total 47468K, used 44009K [0x07d50000, 0x0abab000, 0x12800000)
   the space 47468K,  92% used [0x07d50000, 0x0a84a5a0, 0x0a84a600, 0x0abab000)
 Metaspace       used 36807K, capacity 38733K, committed 38772K, reserved 39296K
Event: 111.384 GC heap after
Heap after GC invocations=58 (full 6):
 def new generation   total 25984K, used 0K [0x02800000, 0x04430000, 0x07d50000)
  eden space 23104K,   0% used [0x02800000, 0x02800000, 0x03e90000)
  from space 2880K,   0% used [0x03e90000, 0x03e90000, 0x04160000)
  to   space 2880K,   0% used [0x04160000, 0x04160000, 0x04430000)
 tenured generation   total 57620K, used 34571K [0x07d50000, 0x0b595000, 0x12800000)
   the space 57620K,  59% used [0x07d50000, 0x09f12c88, 0x09f12e00, 0x0b595000)
 Metaspace       used 36795K, capacity 38716K, committed 38772K, reserved 39296K
}
Event: 119.035 GC heap before
{Heap before GC invocations=58 (full 6):
 def new generation   total 25984K, used 23104K [0x02800000, 0x04430000, 0x07d50000)
  eden space 23104K, 100% used [0x02800000, 0x03e90000, 0x03e90000)
  from space 2880K,   0% used [0x03e90000, 0x03e90000, 0x04160000)
  to   space 2880K,   0% used [0x04160000, 0x04160000, 0x04430000)
 tenured generation   total 57620K, used 34571K [0x07d50000, 0x0b595000, 0x12800000)
   the space 57620K,  59% used [0x07d50000, 0x09f12c88, 0x09f12e00, 0x0b595000)
 Metaspace       used 37219K, capacity 39206K, committed 39284K, reserved 39296K
Event: 119.047 GC heap after
Heap after GC invocations=59 (full 6):
 def new generation   total 25984K, used 2879K [0x02800000, 0x04430000, 0x07d50000)
  eden space 23104K,   0% used [0x02800000, 0x02800000, 0x03e90000)
  from space 2880K,  99% used [0x04160000, 0x0442fff8, 0x04430000)
  to   space 2880K,   0% used [0x03e90000, 0x03e90000, 0x04160000)
 tenured generation   total 57620K, used 34705K [0x07d50000, 0x0b595000, 0x12800000)
   the space 57620K,  60% used [0x07d50000, 0x09f34690, 0x09f34800, 0x0b595000)
 Metaspace       used 37219K, capacity 39206K, committed 39284K, reserved 39296K
}
Event: 119.099 GC heap before
{Heap before GC invocations=59 (full 6):
 def new generation   total 25984K, used 25983K [0x02800000, 0x04430000, 0x07d50000)
  eden space 23104K, 100% used [0x02800000, 0x03e90000, 0x03e90000)
  from space 2880K,  99% used [0x04160000, 0x0442fff8, 0x04430000)
  to   space 2880K,   0% used [0x03e90000, 0x03e90000, 0x04160000)
 tenured generation   total 57620K, used 34705K [0x07d50000, 0x0b595000, 0x12800000)
   the space 57620K,  60% used [0x07d50000, 0x09f34690, 0x09f34800, 0x0b595000)
 Metaspace       used 37219K, capacity 39206K, committed 39284K, reserved 39296K
Event: 119.118 GC heap after
Heap after GC invocations=60 (full 6):
 def new generation   total 25984K, used 2241K [0x02800000, 0x04430000, 0x07d50000)
  eden space 23104K,   0% used [0x02800000, 0x02800000, 0x03e90000)
  from space 2880K,  77% used [0x03e90000, 0x040c0490, 0x04160000)
  to   space 2880K,   0% used [0x04160000, 0x04160000, 0x04430000)
 tenured generation   total 57620K, used 37128K [0x07d50000, 0x0b595000, 0x12800000)
   the space 57620K,  64% used [0x07d50000, 0x0a192258, 0x0a192400, 0x0b595000)
 Metaspace       used 37219K, capacity 39206K, committed 39284K, reserved 39296K
}

