# JRE version: Java(TM) SE Runtime Environment (8.0_40-b25) (build 1.8.0_40-b25)
# Java VM: Java HotSpot(TM) Client VM (25.40-b25 mixed mode windows-x86 )
Heap:
 def new generation   total 25920K, used 6731K [0x02800000, 0x04420000, 0x07d50000)
  eden space 23040K,  19% used [0x02800000, 0x02c61620, 0x03e80000)
  from space 2880K,  77% used [0x04150000, 0x043817c8, 0x04420000)
  to   space 2880K,   0% used [0x03e80000, 0x03e80000, 0x04150000)
 tenured generation   total 57428K, used 41282K [0x07d50000, 0x0b565000, 0x12800000)
   the space 57428K,  71% used [0x07d50000, 0x0a5a0b50, 0x0a5a0c00, 0x0b565000)
 Metaspace       used 44947K, capacity 47417K, committed 47488K, reserved 47488K
GC Heap History (10 events):
Event: 759.919 GC heap before
{Heap before GC invocations=83 (full 8):
 def new generation   total 25920K, used 24258K [0x02800000, 0x04420000, 0x07d50000)
  eden space 23040K, 100% used [0x02800000, 0x03e80000, 0x03e80000)
  from space 2880K,  42% used [0x03e80000, 0x03fb0a48, 0x04150000)
  to   space 2880K,   0% used [0x04150000, 0x04150000, 0x04420000)
 tenured generation   total 57428K, used 36491K [0x07d50000, 0x0b565000, 0x12800000)
   the space 57428K,  63% used [0x07d50000, 0x0a0f2ef0, 0x0a0f3000, 0x0b565000)
 Metaspace       used 44671K, capacity 47033K, committed 47104K, reserved 47488K
Event: 759.926 GC heap after
Heap after GC invocations=84 (full 8):
 def new generation   total 25920K, used 1925K [0x02800000, 0x04420000, 0x07d50000)
  eden space 23040K,   0% used [0x02800000, 0x02800000, 0x03e80000)
  from space 2880K,  66% used [0x04150000, 0x04331470, 0x04420000)
  to   space 2880K,   0% used [0x03e80000, 0x03e80000, 0x04150000)
 tenured generation   total 57428K, used 36491K [0x07d50000, 0x0b565000, 0x12800000)
   the space 57428K,  63% used [0x07d50000, 0x0a0f2ef0, 0x0a0f3000, 0x0b565000)
 Metaspace       used 44671K, capacity 47033K, committed 47104K, reserved 47488K
}
Event: 760.123 GC heap before
{Heap before GC invocations=84 (full 8):
 def new generation   total 25920K, used 24965K [0x02800000, 0x04420000, 0x07d50000)
  eden space 23040K, 100% used [0x02800000, 0x03e80000, 0x03e80000)
  from space 2880K,  66% used [0x04150000, 0x04331470, 0x04420000)
  to   space 2880K,   0% used [0x03e80000, 0x03e80000, 0x04150000)
 tenured generation   total 57428K, used 36491K [0x07d50000, 0x0b565000, 0x12800000)
   the space 57428K,  63% used [0x07d50000, 0x0a0f2ef0, 0x0a0f3000, 0x0b565000)
 Metaspace       used 44720K, capacity 47097K, committed 47104K, reserved 47488K
Event: 760.131 GC heap after
Heap after GC invocations=85 (full 8):
 def new generation   total 25920K, used 1949K [0x02800000, 0x04420000, 0x07d50000)
  eden space 23040K,   0% used [0x02800000, 0x02800000, 0x03e80000)
  from space 2880K,  67% used [0x03e80000, 0x04067508, 0x04150000)
  to   space 2880K,   0% used [0x04150000, 0x04150000, 0x04420000)
 tenured generation   total 57428K, used 37124K [0x07d50000, 0x0b565000, 0x12800000)
   the space 57428K,  64% used [0x07d50000, 0x0a191060, 0x0a191200, 0x0b565000)
 Metaspace       used 44720K, capacity 47097K, committed 47104K, reserved 47488K
}
Event: 761.349 GC heap before
{Heap before GC invocations=85 (full 8):
 def new generation   total 25920K, used 24989K [0x02800000, 0x04420000, 0x07d50000)
  eden space 23040K, 100% used [0x02800000, 0x03e80000, 0x03e80000)
  from space 2880K,  67% used [0x03e80000, 0x04067508, 0x04150000)
  to   space 2880K,   0% used [0x04150000, 0x04150000, 0x04420000)
 tenured generation   total 57428K, used 37124K [0x07d50000, 0x0b565000, 0x12800000)
   the space 57428K,  64% used [0x07d50000, 0x0a191060, 0x0a191200, 0x0b565000)
 Metaspace       used 44879K, capacity 47321K, committed 47360K, reserved 47488K
Event: 761.356 GC heap after
Heap after GC invocations=86 (full 8):
 def new generation   total 25920K, used 1434K [0x02800000, 0x04420000, 0x07d50000)
  eden space 23040K,   0% used [0x02800000, 0x02800000, 0x03e80000)
  from space 2880K,  49% used [0x04150000, 0x042b6a50, 0x04420000)
  to   space 2880K,   0% used [0x03e80000, 0x03e80000, 0x04150000)
 tenured generation   total 57428K, used 37670K [0x07d50000, 0x0b565000, 0x12800000)
   the space 57428K,  65% used [0x07d50000, 0x0a219820, 0x0a219a00, 0x0b565000)
 Metaspace       used 44879K, capacity 47321K, committed 47360K, reserved 47488K
}
Event: 761.752 GC heap before
{Heap before GC invocations=86 (full 8):
 def new generation   total 25920K, used 24474K [0x02800000, 0x04420000, 0x07d50000)
  eden space 23040K, 100% used [0x02800000, 0x03e80000, 0x03e80000)
  from space 2880K,  49% used [0x04150000, 0x042b6a50, 0x04420000)
  to   space 2880K,   0% used [0x03e80000, 0x03e80000, 0x04150000)
 tenured generation   total 57428K, used 37670K [0x07d50000, 0x0b565000, 0x12800000)
   the space 57428K,  65% used [0x07d50000, 0x0a219820, 0x0a219a00, 0x0b565000)
 Metaspace       used 44880K, capacity 47321K, committed 47360K, reserved 47488K
Event: 761.767 GC heap after
Heap after GC invocations=87 (full 8):
 def new generation   total 25920K, used 2880K [0x02800000, 0x04420000, 0x07d50000)
  eden space 23040K,   0% used [0x02800000, 0x02800000, 0x03e80000)
  from space 2880K, 100% used [0x03e80000, 0x04150000, 0x04150000)
  to   space 2880K,   0% used [0x04150000, 0x04150000, 0x04420000)
 tenured generation   total 57428K, used 38466K [0x07d50000, 0x0b565000, 0x12800000)
   the space 57428K,  66% used [0x07d50000, 0x0a2e0be8, 0x0a2e0c00, 0x0b565000)
 Metaspace       used 44880K, capacity 47321K, committed 47360K, reserved 47488K
}
Event: 761.819 GC heap before
{Heap before GC invocations=87 (full 8):
 def new generation   total 25920K, used 25920K [0x02800000, 0x04420000, 0x07d50000)
  eden space 23040K, 100% used [0x02800000, 0x03e80000, 0x03e80000)
  from space 2880K, 100% used [0x03e80000, 0x04150000, 0x04150000)
  to   space 2880K,   0% used [0x04150000, 0x04150000, 0x04420000)
 tenured generation   total 57428K, used 38466K [0x07d50000, 0x0b565000, 0x12800000)
   the space 57428K,  66% used [0x07d50000, 0x0a2e0be8, 0x0a2e0c00, 0x0b565000)
 Metaspace       used 44880K, capacity 47321K, committed 47360K, reserved 47488K
Event: 761.838 GC heap after
Heap after GC invocations=88 (full 8):
 def new generation   total 25920K, used 2245K [0x02800000, 0x04420000, 0x07d50000)
  eden space 23040K,   0% used [0x02800000, 0x02800000, 0x03e80000)
  from space 2880K,  77% used [0x04150000, 0x043817c8, 0x04420000)
  to   space 2880K,   0% used [0x03e80000, 0x03e80000, 0x04150000)
 tenured generation   total 57428K, used 41282K [0x07d50000, 0x0b565000, 0x12800000)
   the space 57428K,  71% used [0x07d50000, 0x0a5a0b50, 0x0a5a0c00, 0x0b565000)
 Metaspace       used 44880K, capacity 47321K, committed 47360K, reserved 47488K
}

