# JRE version: 7.0_09-b05
# Java VM: Java HotSpot(TM) Client VM (23.5-b02 mixed mode, sharing windows-x86 )
Heap
 def new generation   total 26624K, used 22234K [0x23820000, 0x25500000, 0x28d70000)
  eden space 23680K,  93% used [0x23820000, 0x24dc2f00, 0x24f40000)
  from space 2944K,   2% used [0x25220000, 0x252339c8, 0x25500000)
  to   space 2944K,   0% used [0x24f40000, 0x24f40000, 0x25220000)
 tenured generation   total 59044K, used 37468K [0x28d70000, 0x2c719000, 0x33820000)
   the space 59044K,  63% used [0x28d70000, 0x2b207030, 0x2b207200, 0x2c719000)
 compacting perm gen  total 41728K, used 41722K [0x33820000, 0x360e0000, 0x37820000)
   the space 41728K,  99% used [0x33820000, 0x360dea98, 0x360dec00, 0x360e0000)
    ro space 10240K,  42% used [0x37820000, 0x37c60348, 0x37c60400, 0x38220000)
    rw space 12288K,  54% used [0x38220000, 0x388a06f0, 0x388a0800, 0x38e20000)
GC Heap History (10 events):
Event: 316.024 GC heap before
{Heap before GC invocations=52 (full 9):
 def new generation   total 26624K, used 23729K [0x23820000, 0x25500000, 0x28d70000)
  eden space 23680K, 100% used [0x23820000, 0x24f40000, 0x24f40000)
  from space 2944K,   1% used [0x24f40000, 0x24f4c718, 0x25220000)
  to   space 2944K,   0% used [0x25220000, 0x25220000, 0x25500000)
 tenured generation   total 59044K, used 37468K [0x28d70000, 0x2c719000, 0x33820000)
   the space 59044K,  63% used [0x28d70000, 0x2b207030, 0x2b207200, 0x2c719000)
 compacting perm gen  total 41728K, used 41714K [0x33820000, 0x360e0000, 0x37820000)
   the space 41728K,  99% used [0x33820000, 0x360dca00, 0x360dca00, 0x360e0000)
    ro space 10240K,  42% used [0x37820000, 0x37c60348, 0x37c60400, 0x38220000)
    rw space 12288K,  54% used [0x38220000, 0x388a06f0, 0x388a0800, 0x38e20000)
Event: 316.026 GC heap after
Heap after GC invocations=53 (full 9):
 def new generation   total 26624K, used 127K [0x23820000, 0x25500000, 0x28d70000)
  eden space 23680K,   0% used [0x23820000, 0x23820000, 0x24f40000)
  from space 2944K,   4% used [0x25220000, 0x2523fdf0, 0x25500000)
  to   space 2944K,   0% used [0x24f40000, 0x24f40000, 0x25220000)
 tenured generation   total 59044K, used 37468K [0x28d70000, 0x2c719000, 0x33820000)
   the space 59044K,  63% used [0x28d70000, 0x2b207030, 0x2b207200, 0x2c719000)
 compacting perm gen  total 41728K, used 41714K [0x33820000, 0x360e0000, 0x37820000)
   the space 41728K,  99% used [0x33820000, 0x360dca00, 0x360dca00, 0x360e0000)
    ro space 10240K,  42% used [0x37820000, 0x37c60348, 0x37c60400, 0x38220000)
    rw space 12288K,  54% used [0x38220000, 0x388a06f0, 0x388a0800, 0x38e20000)
}
Event: 316.076 GC heap before
{Heap before GC invocations=53 (full 9):
 def new generation   total 26624K, used 23807K [0x23820000, 0x25500000, 0x28d70000)
  eden space 23680K, 100% used [0x23820000, 0x24f40000, 0x24f40000)
  from space 2944K,   4% used [0x25220000, 0x2523fdf0, 0x25500000)
  to   space 2944K,   0% used [0x24f40000, 0x24f40000, 0x25220000)
 tenured generation   total 59044K, used 37468K [0x28d70000, 0x2c719000, 0x33820000)
   the space 59044K,  63% used [0x28d70000, 0x2b207030, 0x2b207200, 0x2c719000)
 compacting perm gen  total 41728K, used 41714K [0x33820000, 0x360e0000, 0x37820000)
   the space 41728K,  99% used [0x33820000, 0x360dca00, 0x360dca00, 0x360e0000)
    ro space 10240K,  42% used [0x37820000, 0x37c60348, 0x37c60400, 0x38220000)
    rw space 12288K,  54% used [0x38220000, 0x388a06f0, 0x388a0800, 0x38e20000)
Event: 316.078 GC heap after
Heap after GC invocations=54 (full 9):
 def new generation   total 26624K, used 62K [0x23820000, 0x25500000, 0x28d70000)
  eden space 23680K,   0% used [0x23820000, 0x23820000, 0x24f40000)
  from space 2944K,   2% used [0x24f40000, 0x24f4fa58, 0x25220000)
  to   space 2944K,   0% used [0x25220000, 0x25220000, 0x25500000)
 tenured generation   total 59044K, used 37468K [0x28d70000, 0x2c719000, 0x33820000)
   the space 59044K,  63% used [0x28d70000, 0x2b207030, 0x2b207200, 0x2c719000)
 compacting perm gen  total 41728K, used 41714K [0x33820000, 0x360e0000, 0x37820000)
   the space 41728K,  99% used [0x33820000, 0x360dca00, 0x360dca00, 0x360e0000)
    ro space 10240K,  42% used [0x37820000, 0x37c60348, 0x37c60400, 0x38220000)
    rw space 12288K,  54% used [0x38220000, 0x388a06f0, 0x388a0800, 0x38e20000)
}
Event: 316.136 GC heap before
{Heap before GC invocations=54 (full 9):
 def new generation   total 26624K, used 23742K [0x23820000, 0x25500000, 0x28d70000)
  eden space 23680K, 100% used [0x23820000, 0x24f40000, 0x24f40000)
  from space 2944K,   2% used [0x24f40000, 0x24f4fa58, 0x25220000)
  to   space 2944K,   0% used [0x25220000, 0x25220000, 0x25500000)
 tenured generation   total 59044K, used 37468K [0x28d70000, 0x2c719000, 0x33820000)
   the space 59044K,  63% used [0x28d70000, 0x2b207030, 0x2b207200, 0x2c719000)
 compacting perm gen  total 41728K, used 41714K [0x33820000, 0x360e0000, 0x37820000)
   the space 41728K,  99% used [0x33820000, 0x360dca00, 0x360dca00, 0x360e0000)
    ro space 10240K,  42% used [0x37820000, 0x37c60348, 0x37c60400, 0x38220000)
    rw space 12288K,  54% used [0x38220000, 0x388a06f0, 0x388a0800, 0x38e20000)
Event: 316.138 GC heap after
Heap after GC invocations=55 (full 9):
 def new generation   total 26624K, used 192K [0x23820000, 0x25500000, 0x28d70000)
  eden space 23680K,   0% used [0x23820000, 0x23820000, 0x24f40000)
  from space 2944K,   6% used [0x25220000, 0x25250118, 0x25500000)
  to   space 2944K,   0% used [0x24f40000, 0x24f40000, 0x25220000)
 tenured generation   total 59044K, used 37468K [0x28d70000, 0x2c719000, 0x33820000)
   the space 59044K,  63% used [0x28d70000, 0x2b207030, 0x2b207200, 0x2c719000)
 compacting perm gen  total 41728K, used 41714K [0x33820000, 0x360e0000, 0x37820000)
   the space 41728K,  99% used [0x33820000, 0x360dca00, 0x360dca00, 0x360e0000)
    ro space 10240K,  42% used [0x37820000, 0x37c60348, 0x37c60400, 0x38220000)
    rw space 12288K,  54% used [0x38220000, 0x388a06f0, 0x388a0800, 0x38e20000)
}
Event: 316.184 GC heap before
{Heap before GC invocations=55 (full 9):
 def new generation   total 26624K, used 23872K [0x23820000, 0x25500000, 0x28d70000)
  eden space 23680K, 100% used [0x23820000, 0x24f40000, 0x24f40000)
  from space 2944K,   6% used [0x25220000, 0x25250118, 0x25500000)
  to   space 2944K,   0% used [0x24f40000, 0x24f40000, 0x25220000)
 tenured generation   total 59044K, used 37468K [0x28d70000, 0x2c719000, 0x33820000)
   the space 59044K,  63% used [0x28d70000, 0x2b207030, 0x2b207200, 0x2c719000)
 compacting perm gen  total 41728K, used 41714K [0x33820000, 0x360e0000, 0x37820000)
   the space 41728K,  99% used [0x33820000, 0x360dca00, 0x360dca00, 0x360e0000)
    ro space 10240K,  42% used [0x37820000, 0x37c60348, 0x37c60400, 0x38220000)
    rw space 12288K,  54% used [0x38220000, 0x388a06f0, 0x388a0800, 0x38e20000)
Event: 316.186 GC heap after
Heap after GC invocations=56 (full 9):
 def new generation   total 26624K, used 87K [0x23820000, 0x25500000, 0x28d70000)
  eden space 23680K,   0% used [0x23820000, 0x23820000, 0x24f40000)
  from space 2944K,   2% used [0x24f40000, 0x24f55d88, 0x25220000)
  to   space 2944K,   0% used [0x25220000, 0x25220000, 0x25500000)
 tenured generation   total 59044K, used 37468K [0x28d70000, 0x2c719000, 0x33820000)
   the space 59044K,  63% used [0x28d70000, 0x2b207030, 0x2b207200, 0x2c719000)
 compacting perm gen  total 41728K, used 41714K [0x33820000, 0x360e0000, 0x37820000)
   the space 41728K,  99% used [0x33820000, 0x360dca00, 0x360dca00, 0x360e0000)
    ro space 10240K,  42% used [0x37820000, 0x37c60348, 0x37c60400, 0x38220000)
    rw space 12288K,  54% used [0x38220000, 0x388a06f0, 0x388a0800, 0x38e20000)
}
Event: 316.239 GC heap before
{Heap before GC invocations=56 (full 9):
 def new generation   total 26624K, used 23767K [0x23820000, 0x25500000, 0x28d70000)
  eden space 23680K, 100% used [0x23820000, 0x24f40000, 0x24f40000)
  from space 2944K,   2% used [0x24f40000, 0x24f55d88, 0x25220000)
  to   space 2944K,   0% used [0x25220000, 0x25220000, 0x25500000)
 tenured generation   total 59044K, used 37468K [0x28d70000, 0x2c719000, 0x33820000)
   the space 59044K,  63% used [0x28d70000, 0x2b207030, 0x2b207200, 0x2c719000)
 compacting perm gen  total 41728K, used 41716K [0x33820000, 0x360e0000, 0x37820000)
   the space 41728K,  99% used [0x33820000, 0x360dd3c8, 0x360dd400, 0x360e0000)
    ro space 10240K,  42% used [0x37820000, 0x37c60348, 0x37c60400, 0x38220000)
    rw space 12288K,  54% used [0x38220000, 0x388a06f0, 0x388a0800, 0x38e20000)
Event: 316.241 GC heap after
Heap after GC invocations=57 (full 9):
 def new generation   total 26624K, used 78K [0x23820000, 0x25500000, 0x28d70000)
  eden space 23680K,   0% used [0x23820000, 0x23820000, 0x24f40000)
  from space 2944K,   2% used [0x25220000, 0x252339c8, 0x25500000)
  to   space 2944K,   0% used [0x24f40000, 0x24f40000, 0x25220000)
 tenured generation   total 59044K, used 37468K [0x28d70000, 0x2c719000, 0x33820000)
   the space 59044K,  63% used [0x28d70000, 0x2b207030, 0x2b207200, 0x2c719000)
 compacting perm gen  total 41728K, used 41716K [0x33820000, 0x360e0000, 0x37820000)
   the space 41728K,  99% used [0x33820000, 0x360dd3c8, 0x360dd400, 0x360e0000)
    ro space 10240K,  42% used [0x37820000, 0x37c60348, 0x37c60400, 0x38220000)
    rw space 12288K,  54% used [0x38220000, 0x388a06f0, 0x388a0800, 0x38e20000)
}

